<?xml version="1.0" encoding="UTF-8"?>
<!-- Generated by org.testng.reporters.JUnitReportReporter -->
<testsuite skipped="0" hostname="DESKTOP-6UUNG4V" name="test.conexionTest" tests="1" failures="0" timestamp="2020-04-13T19:42:26 CLT" time="0.339" errors="0">
  <testcase name="test" time="0.339" classname="test.conexionTest"/>
  <system-out/>
</testsuite> <!-- test.conexionTest -->
