<?xml version="1.0" encoding="UTF-8"?>
<!-- Generated by org.testng.reporters.JUnitReportReporter -->
<testsuite skipped="0" hostname="DESKTOP-6UUNG4V" name="test.NavegadorWeb" tests="1" failures="0" timestamp="2020-04-13T19:50:15 CLT" time="2.259" errors="0">
  <testcase name="f" time="2.259" classname="test.NavegadorWeb"/>
  <system-out/>
</testsuite> <!-- test.NavegadorWeb -->
